<?xml version="1.0" encoding="UTF-8"?>
<testsuite name="com.carddemo.cardservice.CardServiceApplicationTests" tests="1" skipped="0" failures="0" errors="0" timestamp="2026-04-16T16:16:20" hostname="devin-box" time="0.553">
  <properties/>
  <testcase name="contextLoads()" classname="com.carddemo.cardservice.CardServiceApplicationTests" time="0.553"/>
  <system-out><![CDATA[16:16:15.472 [Test worker] INFO org.springframework.test.context.support.AnnotationConfigContextLoaderUtils -- Could not detect default configuration classes for test class [com.carddemo.cardservice.CardServiceApplicationTests]: CardServiceApplicationTests does not declare any static, non-private, non-final, nested classes annotated with @Configuration.
16:16:15.559 [Test worker] INFO org.springframework.boot.test.context.SpringBootTestContextBootstrapper -- Found @SpringBootConfiguration com.carddemo.cardservice.CardServiceApplication for test class com.carddemo.cardservice.CardServiceApplicationTests

  .   ____          _            __ _ _
 /\\ / ___'_ __ _ _(_)_ __  __ _ \ \ \ \
( ( )\___ | '_ | '_| | '_ \/ _` | \ \ \ \
 \\/  ___)| |_)| | | | | || (_| |  ) ) ) )
  '  |____| .__|_| |_|_| |_\__, | / / / /
 =========|_|==============|___/=/_/_/_/

 :: Spring Boot ::                (v3.4.4)

2026-04-16T16:16:16.732Z  INFO 9920 --- [    Test worker] c.c.c.CardServiceApplicationTests        : Starting CardServiceApplicationTests using Java 21.0.10 with PID 9920 (started by ubuntu in /home/ubuntu/repos/mainframe-modernization-carddemo/card-service)
2026-04-16T16:16:16.734Z  INFO 9920 --- [    Test worker] c.c.c.CardServiceApplicationTests        : No active profile set, falling back to 1 default profile: "default"
2026-04-16T16:16:17.617Z  INFO 9920 --- [    Test worker] .s.d.r.c.RepositoryConfigurationDelegate : Bootstrapping Spring Data JPA repositories in DEFAULT mode.
2026-04-16T16:16:17.673Z  INFO 9920 --- [    Test worker] .s.d.r.c.RepositoryConfigurationDelegate : Finished Spring Data repository scanning in 36 ms. Found 2 JPA repository interfaces.
2026-04-16T16:16:18.146Z  INFO 9920 --- [    Test worker] o.hibernate.jpa.internal.util.LogHelper  : HHH000204: Processing PersistenceUnitInfo [name: default]
2026-04-16T16:16:18.189Z  INFO 9920 --- [    Test worker] org.hibernate.Version                    : HHH000412: Hibernate ORM core version 6.6.11.Final
2026-04-16T16:16:18.236Z  INFO 9920 --- [    Test worker] o.h.c.internal.RegionFactoryInitiator    : HHH000026: Second-level cache disabled
2026-04-16T16:16:18.524Z  INFO 9920 --- [    Test worker] o.s.o.j.p.SpringPersistenceUnitInfo      : No LoadTimeWeaver setup: ignoring JPA class transformer
2026-04-16T16:16:18.568Z  INFO 9920 --- [    Test worker] com.zaxxer.hikari.HikariDataSource       : HikariPool-1 - Starting...
2026-04-16T16:16:18.764Z  INFO 9920 --- [    Test worker] com.zaxxer.hikari.pool.HikariPool        : HikariPool-1 - Added connection conn0: url=jdbc:h2:mem:testdb user=SA
2026-04-16T16:16:18.766Z  INFO 9920 --- [    Test worker] com.zaxxer.hikari.HikariDataSource       : HikariPool-1 - Start completed.
2026-04-16T16:16:18.782Z  WARN 9920 --- [    Test worker] org.hibernate.orm.deprecation            : HHH90000025: H2Dialect does not need to be specified explicitly using 'hibernate.dialect' (remove the property setting and it will be selected by default)
2026-04-16T16:16:18.799Z  INFO 9920 --- [    Test worker] org.hibernate.orm.connections.pooling    : HHH10001005: Database info:
	Database JDBC URL [Connecting through datasource 'HikariDataSource (HikariPool-1)']
	Database driver: undefined/unknown
	Database version: 2.3.232
	Autocommit mode: undefined/unknown
	Isolation level: undefined/unknown
	Minimum pool size: undefined/unknown
	Maximum pool size: undefined/unknown
2026-04-16T16:16:19.554Z  INFO 9920 --- [    Test worker] o.h.e.t.j.p.i.JtaPlatformInitiator       : HHH000489: No JTA platform available (set 'hibernate.transaction.jta.platform' to enable JTA platform integration)
2026-04-16T16:16:19.580Z  INFO 9920 --- [    Test worker] j.LocalContainerEntityManagerFactoryBean : Initialized JPA EntityManagerFactory for persistence unit 'default'
2026-04-16T16:16:20.160Z  WARN 9920 --- [    Test worker] JpaBaseConfiguration$JpaWebConfiguration : spring.jpa.open-in-view is enabled by default. Therefore, database queries may be performed during view rendering. Explicitly configure spring.jpa.open-in-view to disable this warning
2026-04-16T16:16:20.760Z  INFO 9920 --- [    Test worker] c.c.c.CardServiceApplicationTests        : Started CardServiceApplicationTests in 4.296 seconds (process running for 6.25)
]]></system-out>
  <system-err><![CDATA[Mockito is currently self-attaching to enable the inline-mock-maker. This will no longer work in future releases of the JDK. Please add Mockito as an agent to your build what is described in Mockito's documentation: https://javadoc.io/doc/org.mockito/mockito-core/latest/org/mockito/Mockito.html#0.3
WARNING: A Java agent has been loaded dynamically (/home/ubuntu/.gradle/caches/modules-2/files-2.1/net.bytebuddy/byte-buddy-agent/1.15.11/a38b16385e867f59a641330f0362ebe742788ed8/byte-buddy-agent-1.15.11.jar)
WARNING: If a serviceability tool is in use, please run with -XX:+EnableDynamicAgentLoading to hide this warning
WARNING: If a serviceability tool is not in use, please run with -Djdk.instrument.traceUsage for more information
WARNING: Dynamic loading of agents will be disallowed by default in a future release
]]></system-err>
</testsuite>
