<?xml version="1.0" encoding="UTF-8"?>
<testsuite name="com.carddemo.cardservice.controller.CardControllerTest" tests="11" skipped="0" failures="0" errors="0" timestamp="2026-04-16T16:16:22" hostname="devin-box" time="0.586">
  <properties/>
  <testcase name="GET /api/v1/cards — no results returns 404" classname="com.carddemo.cardservice.controller.CardControllerTest" time="0.324"/>
  <testcase name="PUT /api/v1/cards/{cardNum} — missing card returns 404" classname="com.carddemo.cardservice.controller.CardControllerTest" time="0.157"/>
  <testcase name="PUT /api/v1/cards/{cardNum} — successful update" classname="com.carddemo.cardservice.controller.CardControllerTest" time="0.013"/>
  <testcase name="PUT /api/v1/cards/{cardNum} — name with digits returns 400" classname="com.carddemo.cardservice.controller.CardControllerTest" time="0.017"/>
  <testcase name="GET /api/v1/cards/{cardNum} — returns card detail" classname="com.carddemo.cardservice.controller.CardControllerTest" time="0.006"/>
  <testcase name="GET /api/v1/cards — user filtered by account" classname="com.carddemo.cardservice.controller.CardControllerTest" time="0.012"/>
  <testcase name="GET /api/v1/cards — admin lists all cards" classname="com.carddemo.cardservice.controller.CardControllerTest" time="0.015"/>
  <testcase name="GET /api/v1/cards/{cardNum} — missing card returns 404" classname="com.carddemo.cardservice.controller.CardControllerTest" time="0.007"/>
  <testcase name="PUT /api/v1/cards/{cardNum} — blank name returns 400" classname="com.carddemo.cardservice.controller.CardControllerTest" time="0.007"/>
  <testcase name="PUT /api/v1/cards/{cardNum} — invalid status returns 400" classname="com.carddemo.cardservice.controller.CardControllerTest" time="0.006"/>
  <testcase name="PUT /api/v1/cards/{cardNum} — no changes returns 400" classname="com.carddemo.cardservice.controller.CardControllerTest" time="0.007"/>
  <system-out><![CDATA[2026-04-16T16:16:21.334Z  INFO 9920 --- [    Test worker] t.c.s.AnnotationConfigContextLoaderUtils : Could not detect default configuration classes for test class [com.carddemo.cardservice.controller.CardControllerTest]: CardControllerTest does not declare any static, non-private, non-final, nested classes annotated with @Configuration.
2026-04-16T16:16:21.355Z  INFO 9920 --- [    Test worker] .b.t.c.SpringBootTestContextBootstrapper : Found @SpringBootConfiguration com.carddemo.cardservice.CardServiceApplication for test class com.carddemo.cardservice.controller.CardControllerTest

  .   ____          _            __ _ _
 /\\ / ___'_ __ _ _(_)_ __  __ _ \ \ \ \
( ( )\___ | '_ | '_| | '_ \/ _` | \ \ \ \
 \\/  ___)| |_)| | | | | || (_| |  ) ) ) )
  '  |____| .__|_| |_|_| |_\__, | / / / /
 =========|_|==============|___/=/_/_/_/

 :: Spring Boot ::                (v3.4.4)

2026-04-16T16:16:21.379Z  INFO 9920 --- [    Test worker] c.c.c.controller.CardControllerTest      : Starting CardControllerTest using Java 21.0.10 with PID 9920 (started by ubuntu in /home/ubuntu/repos/mainframe-modernization-carddemo/card-service)
2026-04-16T16:16:21.380Z  INFO 9920 --- [    Test worker] c.c.c.controller.CardControllerTest      : No active profile set, falling back to 1 default profile: "default"
2026-04-16T16:16:21.982Z  INFO 9920 --- [    Test worker] o.s.b.t.m.w.SpringBootMockServletContext : Initializing Spring TestDispatcherServlet ''
2026-04-16T16:16:21.982Z  INFO 9920 --- [    Test worker] o.s.t.web.servlet.TestDispatcherServlet  : Initializing Servlet ''
2026-04-16T16:16:21.986Z  INFO 9920 --- [    Test worker] o.s.t.web.servlet.TestDispatcherServlet  : Completed initialization in 1 ms
2026-04-16T16:16:22.013Z  INFO 9920 --- [    Test worker] c.c.c.controller.CardControllerTest      : Started CardControllerTest in 0.655 seconds (process running for 7.503)
]]></system-out>
  <system-err><![CDATA[]]></system-err>
</testsuite>
