<?xml version="1.0" encoding="UTF-8"?>
<testsuite name="com.carddemo.cardservice.repository.CardRepositoryTest" tests="5" skipped="0" failures="0" errors="0" timestamp="2026-04-16T16:16:23" hostname="devin-box" time="0.341">
  <properties/>
  <testcase name="Find by account ID with no matches returns empty page" classname="com.carddemo.cardservice.repository.CardRepositoryTest" time="0.271"/>
  <testcase name="Pagination with page size 1 returns correct pages" classname="com.carddemo.cardservice.repository.CardRepositoryTest" time="0.022"/>
  <testcase name="Find card by missing key returns empty" classname="com.carddemo.cardservice.repository.CardRepositoryTest" time="0.012"/>
  <testcase name="Find by account ID — COBOL CARDAIX alternate index" classname="com.carddemo.cardservice.repository.CardRepositoryTest" time="0.015"/>
  <testcase name="Find card by primary key — COBOL CARDDAT primary key access" classname="com.carddemo.cardservice.repository.CardRepositoryTest" time="0.017"/>
  <system-out><![CDATA[2026-04-16T16:16:22.621Z  INFO 9920 --- [    Test worker] t.c.s.AnnotationConfigContextLoaderUtils : Could not detect default configuration classes for test class [com.carddemo.cardservice.repository.CardRepositoryTest]: CardRepositoryTest does not declare any static, non-private, non-final, nested classes annotated with @Configuration.
2026-04-16T16:16:22.668Z  INFO 9920 --- [    Test worker] .b.t.c.SpringBootTestContextBootstrapper : Found @SpringBootConfiguration com.carddemo.cardservice.CardServiceApplication for test class com.carddemo.cardservice.repository.CardRepositoryTest

  .   ____          _            __ _ _
 /\\ / ___'_ __ _ _(_)_ __  __ _ \ \ \ \
( ( )\___ | '_ | '_| | '_ \/ _` | \ \ \ \
 \\/  ___)| |_)| | | | | || (_| |  ) ) ) )
  '  |____| .__|_| |_|_| |_\__, | / / / /
 =========|_|==============|___/=/_/_/_/

 :: Spring Boot ::                (v3.4.4)

2026-04-16T16:16:22.742Z  INFO 9920 --- [    Test worker] c.c.c.repository.CardRepositoryTest      : Starting CardRepositoryTest using Java 21.0.10 with PID 9920 (started by ubuntu in /home/ubuntu/repos/mainframe-modernization-carddemo/card-service)
2026-04-16T16:16:22.742Z  INFO 9920 --- [    Test worker] c.c.c.repository.CardRepositoryTest      : No active profile set, falling back to 1 default profile: "default"
2026-04-16T16:16:22.930Z  INFO 9920 --- [    Test worker] .s.d.r.c.RepositoryConfigurationDelegate : Bootstrapping Spring Data JPA repositories in DEFAULT mode.
2026-04-16T16:16:22.956Z  INFO 9920 --- [    Test worker] .s.d.r.c.RepositoryConfigurationDelegate : Finished Spring Data repository scanning in 24 ms. Found 2 JPA repository interfaces.
2026-04-16T16:16:22.971Z  INFO 9920 --- [    Test worker] beddedDataSourceBeanFactoryPostProcessor : Replacing 'dataSource' DataSource bean with embedded version
2026-04-16T16:16:22.995Z  INFO 9920 --- [    Test worker] o.s.j.d.e.EmbeddedDatabaseFactory        : Starting embedded database: url='jdbc:h2:mem:e512a3d2-ebb6-4f66-acb0-48e31e99a638;DB_CLOSE_DELAY=-1;DB_CLOSE_ON_EXIT=false', username='sa'
2026-04-16T16:16:23.031Z  INFO 9920 --- [    Test worker] o.hibernate.jpa.internal.util.LogHelper  : HHH000204: Processing PersistenceUnitInfo [name: default]
2026-04-16T16:16:23.034Z  INFO 9920 --- [    Test worker] o.h.c.internal.RegionFactoryInitiator    : HHH000026: Second-level cache disabled
2026-04-16T16:16:23.050Z  INFO 9920 --- [    Test worker] o.s.o.j.p.SpringPersistenceUnitInfo      : No LoadTimeWeaver setup: ignoring JPA class transformer
2026-04-16T16:16:23.052Z  WARN 9920 --- [    Test worker] org.hibernate.orm.deprecation            : HHH90000025: H2Dialect does not need to be specified explicitly using 'hibernate.dialect' (remove the property setting and it will be selected by default)
2026-04-16T16:16:23.053Z  INFO 9920 --- [    Test worker] org.hibernate.orm.connections.pooling    : HHH10001005: Database info:
	Database JDBC URL [Connecting through datasource 'org.springframework.jdbc.datasource.embedded.EmbeddedDatabaseFactory$EmbeddedDataSourceProxy@5dd2e62a']
	Database driver: undefined/unknown
	Database version: 2.3.232
	Autocommit mode: undefined/unknown
	Isolation level: undefined/unknown
	Minimum pool size: undefined/unknown
	Maximum pool size: undefined/unknown
2026-04-16T16:16:23.145Z  INFO 9920 --- [    Test worker] o.h.e.t.j.p.i.JtaPlatformInitiator       : HHH000489: No JTA platform available (set 'hibernate.transaction.jta.platform' to enable JTA platform integration)
Hibernate: drop table if exists card_xref cascade 
Hibernate: drop table if exists cards cascade 
Hibernate: create table card_xref (xref_acct_id bigint not null, xref_cust_id bigint not null, xref_card_num varchar(16) not null, primary key (xref_card_num))
Hibernate: create table cards (card_active_status varchar(1) not null, card_cvv_cd integer not null, card_acct_id bigint not null, card_expiration_date varchar(10) not null, card_num varchar(16) not null, card_embossed_name varchar(50) not null, primary key (card_num))
2026-04-16T16:16:23.151Z  INFO 9920 --- [    Test worker] j.LocalContainerEntityManagerFactoryBean : Initialized JPA EntityManagerFactory for persistence unit 'default'
2026-04-16T16:16:23.216Z  INFO 9920 --- [    Test worker] c.c.c.repository.CardRepositoryTest      : Started CardRepositoryTest in 0.542 seconds (process running for 8.707)
Hibernate: select c1_0.card_num,c1_0.card_acct_id,c1_0.card_active_status,c1_0.card_cvv_cd,c1_0.card_embossed_name,c1_0.card_expiration_date from cards c1_0
Hibernate: select c1_0.card_num,c1_0.card_acct_id,c1_0.card_active_status,c1_0.card_cvv_cd,c1_0.card_embossed_name,c1_0.card_expiration_date from cards c1_0 where c1_0.card_num=?
Hibernate: select c1_0.card_num,c1_0.card_acct_id,c1_0.card_active_status,c1_0.card_cvv_cd,c1_0.card_embossed_name,c1_0.card_expiration_date from cards c1_0 where c1_0.card_num=?
Hibernate: select c1_0.card_num,c1_0.card_acct_id,c1_0.card_active_status,c1_0.card_cvv_cd,c1_0.card_embossed_name,c1_0.card_expiration_date from cards c1_0 where c1_0.card_num=?
Hibernate: insert into cards (card_acct_id,card_active_status,card_cvv_cd,card_embossed_name,card_expiration_date,card_num) values (?,?,?,?,?,?)
Hibernate: insert into cards (card_acct_id,card_active_status,card_cvv_cd,card_embossed_name,card_expiration_date,card_num) values (?,?,?,?,?,?)
Hibernate: insert into cards (card_acct_id,card_active_status,card_cvv_cd,card_embossed_name,card_expiration_date,card_num) values (?,?,?,?,?,?)
Hibernate: select c1_0.card_num,c1_0.card_acct_id,c1_0.card_active_status,c1_0.card_cvv_cd,c1_0.card_embossed_name,c1_0.card_expiration_date from cards c1_0 where c1_0.card_acct_id=? fetch first ? rows only
Hibernate: select c1_0.card_num,c1_0.card_acct_id,c1_0.card_active_status,c1_0.card_cvv_cd,c1_0.card_embossed_name,c1_0.card_expiration_date from cards c1_0
Hibernate: select c1_0.card_num,c1_0.card_acct_id,c1_0.card_active_status,c1_0.card_cvv_cd,c1_0.card_embossed_name,c1_0.card_expiration_date from cards c1_0 where c1_0.card_num=?
Hibernate: select c1_0.card_num,c1_0.card_acct_id,c1_0.card_active_status,c1_0.card_cvv_cd,c1_0.card_embossed_name,c1_0.card_expiration_date from cards c1_0 where c1_0.card_num=?
Hibernate: select c1_0.card_num,c1_0.card_acct_id,c1_0.card_active_status,c1_0.card_cvv_cd,c1_0.card_embossed_name,c1_0.card_expiration_date from cards c1_0 where c1_0.card_num=?
Hibernate: insert into cards (card_acct_id,card_active_status,card_cvv_cd,card_embossed_name,card_expiration_date,card_num) values (?,?,?,?,?,?)
Hibernate: insert into cards (card_acct_id,card_active_status,card_cvv_cd,card_embossed_name,card_expiration_date,card_num) values (?,?,?,?,?,?)
Hibernate: insert into cards (card_acct_id,card_active_status,card_cvv_cd,card_embossed_name,card_expiration_date,card_num) values (?,?,?,?,?,?)
Hibernate: select c1_0.card_num,c1_0.card_acct_id,c1_0.card_active_status,c1_0.card_cvv_cd,c1_0.card_embossed_name,c1_0.card_expiration_date from cards c1_0 where c1_0.card_acct_id=? fetch first ? rows only
Hibernate: select count(c1_0.card_num) from cards c1_0 where c1_0.card_acct_id=?
Hibernate: select c1_0.card_num,c1_0.card_acct_id,c1_0.card_active_status,c1_0.card_cvv_cd,c1_0.card_embossed_name,c1_0.card_expiration_date from cards c1_0 where c1_0.card_acct_id=? offset ? rows fetch first ? rows only
Hibernate: select count(c1_0.card_num) from cards c1_0 where c1_0.card_acct_id=?
Hibernate: select c1_0.card_num,c1_0.card_acct_id,c1_0.card_active_status,c1_0.card_cvv_cd,c1_0.card_embossed_name,c1_0.card_expiration_date from cards c1_0
Hibernate: select c1_0.card_num,c1_0.card_acct_id,c1_0.card_active_status,c1_0.card_cvv_cd,c1_0.card_embossed_name,c1_0.card_expiration_date from cards c1_0 where c1_0.card_num=?
Hibernate: select c1_0.card_num,c1_0.card_acct_id,c1_0.card_active_status,c1_0.card_cvv_cd,c1_0.card_embossed_name,c1_0.card_expiration_date from cards c1_0 where c1_0.card_num=?
Hibernate: select c1_0.card_num,c1_0.card_acct_id,c1_0.card_active_status,c1_0.card_cvv_cd,c1_0.card_embossed_name,c1_0.card_expiration_date from cards c1_0 where c1_0.card_num=?
Hibernate: select c1_0.card_num,c1_0.card_acct_id,c1_0.card_active_status,c1_0.card_cvv_cd,c1_0.card_embossed_name,c1_0.card_expiration_date from cards c1_0 where c1_0.card_num=?
Hibernate: select c1_0.card_num,c1_0.card_acct_id,c1_0.card_active_status,c1_0.card_cvv_cd,c1_0.card_embossed_name,c1_0.card_expiration_date from cards c1_0
Hibernate: select c1_0.card_num,c1_0.card_acct_id,c1_0.card_active_status,c1_0.card_cvv_cd,c1_0.card_embossed_name,c1_0.card_expiration_date from cards c1_0 where c1_0.card_num=?
Hibernate: select c1_0.card_num,c1_0.card_acct_id,c1_0.card_active_status,c1_0.card_cvv_cd,c1_0.card_embossed_name,c1_0.card_expiration_date from cards c1_0 where c1_0.card_num=?
Hibernate: select c1_0.card_num,c1_0.card_acct_id,c1_0.card_active_status,c1_0.card_cvv_cd,c1_0.card_embossed_name,c1_0.card_expiration_date from cards c1_0 where c1_0.card_num=?
Hibernate: insert into cards (card_acct_id,card_active_status,card_cvv_cd,card_embossed_name,card_expiration_date,card_num) values (?,?,?,?,?,?)
Hibernate: insert into cards (card_acct_id,card_active_status,card_cvv_cd,card_embossed_name,card_expiration_date,card_num) values (?,?,?,?,?,?)
Hibernate: insert into cards (card_acct_id,card_active_status,card_cvv_cd,card_embossed_name,card_expiration_date,card_num) values (?,?,?,?,?,?)
Hibernate: select c1_0.card_num,c1_0.card_acct_id,c1_0.card_active_status,c1_0.card_cvv_cd,c1_0.card_embossed_name,c1_0.card_expiration_date from cards c1_0 where c1_0.card_acct_id=? fetch first ? rows only
Hibernate: select c1_0.card_num,c1_0.card_acct_id,c1_0.card_active_status,c1_0.card_cvv_cd,c1_0.card_embossed_name,c1_0.card_expiration_date from cards c1_0
Hibernate: select c1_0.card_num,c1_0.card_acct_id,c1_0.card_active_status,c1_0.card_cvv_cd,c1_0.card_embossed_name,c1_0.card_expiration_date from cards c1_0 where c1_0.card_num=?
Hibernate: select c1_0.card_num,c1_0.card_acct_id,c1_0.card_active_status,c1_0.card_cvv_cd,c1_0.card_embossed_name,c1_0.card_expiration_date from cards c1_0 where c1_0.card_num=?
Hibernate: select c1_0.card_num,c1_0.card_acct_id,c1_0.card_active_status,c1_0.card_cvv_cd,c1_0.card_embossed_name,c1_0.card_expiration_date from cards c1_0 where c1_0.card_num=?
]]></system-out>
  <system-err><![CDATA[]]></system-err>
</testsuite>
