<?xml version="1.0" encoding="UTF-8"?>
<testsuite xmlns:xsi="http://www.w3.org/2001/XMLSchema-instance" xsi:noNamespaceSchemaLocation="https://maven.apache.org/surefire/maven-surefire-plugin/xsd/surefire-test-report-3.0.xsd" version="3.0" name="com.carddemo.etl.EtlIntegrationTest" time="3.005" tests="2" errors="0" skipped="0" failures="0">
  <properties>
[...]
</properties>
  <testcase name="fullMigration_loadsAllFiles" classname="com.carddemo.etl.EtlIntegrationTest" time="0.762">
    <system-out><![CDATA[15:44:26.328 [main] INFO org.springframework.test.context.support.AnnotationConfigContextLoaderUtils -- Could not detect default configuration classes for test class [com.carddemo.etl.EtlIntegrationTest]: EtlIntegrationTest does not declare any static, non-private, non-final, nested classes annotated with @Configuration.
15:44:26.416 [main] INFO org.springframework.boot.test.context.SpringBootTestContextBootstrapper -- Found @SpringBootConfiguration com.carddemo.etl.CardDemoEtlApplication for test class com.carddemo.etl.EtlIntegrationTest

  .   ____          _            __ _ _
 /\\ / ___'_ __ _ _(_)_ __  __ _ \ \ \ \
( ( )\___ | '_ | '_| | '_ \/ _` | \ \ \ \
 \\/  ___)| |_)| | | | | || (_| |  ) ) ) )
  '  |____| .__|_| |_|_| |_\__, | / / / /
 =========|_|==============|___/=/_/_/_/
 :: Spring Boot ::                (v3.2.5)

2026-04-16T15:44:26.864Z  INFO 9883 --- [carddemo-etl-tool] [           main] com.carddemo.etl.EtlIntegrationTest      : Starting EtlIntegrationTest using Java 17.0.13 with PID 9883 (started by ubuntu in /home/ubuntu/repos/mainframe-modernization-carddemo/etl-tool)
2026-04-16T15:44:26.866Z  INFO 9883 --- [carddemo-etl-tool] [           main] com.carddemo.etl.EtlIntegrationTest      : The following 1 profile is active: "h2"
2026-04-16T15:44:27.453Z  INFO 9883 --- [carddemo-etl-tool] [           main] com.zaxxer.hikari.HikariDataSource       : HikariPool-1 - Starting...
2026-04-16T15:44:27.639Z  INFO 9883 --- [carddemo-etl-tool] [           main] com.zaxxer.hikari.pool.HikariPool        : HikariPool-1 - Added connection conn0: url=jdbc:h2:mem:carddemo user=SA
2026-04-16T15:44:27.641Z  INFO 9883 --- [carddemo-etl-tool] [           main] com.zaxxer.hikari.HikariDataSource       : HikariPool-1 - Start completed.
2026-04-16T15:44:27.716Z  INFO 9883 --- [carddemo-etl-tool] [           main] o.f.c.internal.license.VersionPrinter    : Flyway Community Edition 9.22.3 by Redgate
2026-04-16T15:44:27.716Z  INFO 9883 --- [carddemo-etl-tool] [           main] o.f.c.internal.license.VersionPrinter    : See release notes here: https://rd.gt/416ObMi
2026-04-16T15:44:27.716Z  INFO 9883 --- [carddemo-etl-tool] [           main] o.f.c.internal.license.VersionPrinter    : 
2026-04-16T15:44:27.766Z  INFO 9883 --- [carddemo-etl-tool] [           main] org.flywaydb.core.FlywayExecutor         : Database: jdbc:h2:mem:carddemo (H2 2.2)
2026-04-16T15:44:27.793Z  WARN 9883 --- [carddemo-etl-tool] [           main] o.f.c.internal.database.base.Database    : Flyway upgrade recommended: H2 2.2.224 is newer than this version of Flyway and support has not been tested. The latest supported version of H2 is 2.2.220.
2026-04-16T15:44:27.814Z  INFO 9883 --- [carddemo-etl-tool] [           main] o.f.c.i.s.JdbcTableSchemaHistory         : Schema history table "PUBLIC"."flyway_schema_history" does not exist yet
2026-04-16T15:44:27.817Z  INFO 9883 --- [carddemo-etl-tool] [           main] o.f.core.internal.command.DbValidate     : Successfully validated 1 migration (execution time 00:00.013s)
2026-04-16T15:44:27.826Z  INFO 9883 --- [carddemo-etl-tool] [           main] o.f.c.i.s.JdbcTableSchemaHistory         : Creating Schema History table "PUBLIC"."flyway_schema_history" ...
2026-04-16T15:44:27.852Z  INFO 9883 --- [carddemo-etl-tool] [           main] o.f.core.internal.command.DbMigrate      : Current version of schema "PUBLIC": << Empty Schema >>
2026-04-16T15:44:27.868Z  INFO 9883 --- [carddemo-etl-tool] [           main] o.f.core.internal.command.DbMigrate      : Migrating schema "PUBLIC" to version "1 - create carddemo tables"
2026-04-16T15:44:27.891Z  INFO 9883 --- [carddemo-etl-tool] [           main] o.f.core.internal.command.DbMigrate      : Successfully applied 1 migration to schema "PUBLIC", now at version v1 (execution time 00:00.014s)
2026-04-16T15:44:28.115Z  INFO 9883 --- [carddemo-etl-tool] [           main] com.carddemo.etl.EtlIntegrationTest      : Started EtlIntegrationTest in 1.57 seconds (process running for 2.386)
2026-04-16T15:44:28.118Z  INFO 9883 --- [carddemo-etl-tool] [           main] com.carddemo.etl.runner.EtlRunner        : CardDemo EBCDIC ETL Migration Tool starting...
2026-04-16T15:44:28.118Z  INFO 9883 --- [carddemo-etl-tool] [           main] com.carddemo.etl.service.EtlService      : Starting CardDemo EBCDIC data migration from: /home/ubuntu/repos/mainframe-modernization-carddemo/etl-tool/../app/data/EBCDIC
2026-04-16T15:44:28.119Z  INFO 9883 --- [carddemo-etl-tool] [           main] com.carddemo.etl.service.EtlService      : Truncating all tables for idempotent reload...
2026-04-16T15:44:28.126Z  INFO 9883 --- [carddemo-etl-tool] [           main] com.carddemo.etl.service.EtlService      : All tables truncated.
2026-04-16T15:44:28.139Z  INFO 9883 --- [carddemo-etl-tool] [           main] com.carddemo.etl.service.EtlService      : TranTypes: 7 source records, 7 loaded, 0 errors
2026-04-16T15:44:28.149Z  INFO 9883 --- [carddemo-etl-tool] [           main] com.carddemo.etl.service.EtlService      : TranCategories: 18 source records, 18 loaded, 0 errors
2026-04-16T15:44:28.165Z  INFO 9883 --- [carddemo-etl-tool] [           main] com.carddemo.etl.service.EtlService      : Accounts: 50 source records, 50 loaded, 0 errors
2026-04-16T15:44:28.179Z  INFO 9883 --- [carddemo-etl-tool] [           main] com.carddemo.etl.service.EtlService      : Customers: 50 source records, 50 loaded, 0 errors
2026-04-16T15:44:28.192Z  INFO 9883 --- [carddemo-etl-tool] [           main] com.carddemo.etl.service.EtlService      : Cards: 50 source records, 50 loaded, 0 errors
2026-04-16T15:44:28.203Z  INFO 9883 --- [carddemo-etl-tool] [           main] com.carddemo.etl.service.EtlService      : CardXrefs: 50 source records, 50 loaded, 0 errors
2026-04-16T15:44:28.205Z  INFO 9883 --- [carddemo-etl-tool] [           main] com.carddemo.etl.service.EtlService      : UserSecurity: 10 source records, 10 loaded, 0 errors
2026-04-16T15:44:28.269Z  INFO 9883 --- [carddemo-etl-tool] [           main] com.carddemo.etl.service.EtlService      : DailyTransactions: 300 source records, 300 loaded, 0 errors
2026-04-16T15:44:28.277Z  INFO 9883 --- [carddemo-etl-tool] [           main] com.carddemo.etl.service.EtlService      : TranCatBalances: 50 source records, 50 loaded, 0 errors
2026-04-16T15:44:28.285Z  INFO 9883 --- [carddemo-etl-tool] [           main] com.carddemo.etl.service.EtlService      : DisclosureGroups: 51 source records, 51 loaded, 0 errors
2026-04-16T15:44:28.285Z  INFO 9883 --- [carddemo-etl-tool] [           main] com.carddemo.etl.service.EtlService      : Validating cross-reference integrity...
2026-04-16T15:44:28.294Z  INFO 9883 --- [carddemo-etl-tool] [           main] com.carddemo.etl.service.EtlService      : Cross-reference integrity validation PASSED
2026-04-16T15:44:28.294Z  INFO 9883 --- [carddemo-etl-tool] [           main] com.carddemo.etl.service.EtlService      : ========================================
2026-04-16T15:44:28.294Z  INFO 9883 --- [carddemo-etl-tool] [           main] com.carddemo.etl.service.EtlService      :   CardDemo ETL Migration Report
2026-04-16T15:44:28.294Z  INFO 9883 --- [carddemo-etl-tool] [           main] com.carddemo.etl.service.EtlService      : ========================================
2026-04-16T15:44:28.295Z  INFO 9883 --- [carddemo-etl-tool] [           main] com.carddemo.etl.service.EtlService      :   AWS.M2.CARDDEMO.TRANTYPE.PS -> source=7, loaded=7, errors=0
2026-04-16T15:44:28.295Z  INFO 9883 --- [carddemo-etl-tool] [           main] com.carddemo.etl.service.EtlService      :   AWS.M2.CARDDEMO.TRANCATG.PS -> source=18, loaded=18, errors=0
2026-04-16T15:44:28.295Z  INFO 9883 --- [carddemo-etl-tool] [           main] com.carddemo.etl.service.EtlService      :   AWS.M2.CARDDEMO.ACCTDATA.PS -> source=50, loaded=50, errors=0
2026-04-16T15:44:28.295Z  INFO 9883 --- [carddemo-etl-tool] [           main] com.carddemo.etl.service.EtlService      :   AWS.M2.CARDDEMO.CUSTDATA.PS -> source=50, loaded=50, errors=0
2026-04-16T15:44:28.295Z  INFO 9883 --- [carddemo-etl-tool] [           main] com.carddemo.etl.service.EtlService      :   AWS.M2.CARDDEMO.CARDDATA.PS -> source=50, loaded=50, errors=0
2026-04-16T15:44:28.295Z  INFO 9883 --- [carddemo-etl-tool] [           main] com.carddemo.etl.service.EtlService      :   AWS.M2.CARDDEMO.CARDXREF.PS -> source=50, loaded=50, errors=0
2026-04-16T15:44:28.295Z  INFO 9883 --- [carddemo-etl-tool] [           main] com.carddemo.etl.service.EtlService      :   AWS.M2.CARDDEMO.USRSEC.PS -> source=10, loaded=10, errors=0
2026-04-16T15:44:28.296Z  INFO 9883 --- [carddemo-etl-tool] [           main] com.carddemo.etl.service.EtlService      :   AWS.M2.CARDDEMO.DALYTRAN.PS -> source=300, loaded=300, errors=0
2026-04-16T15:44:28.296Z  INFO 9883 --- [carddemo-etl-tool] [           main] com.carddemo.etl.service.EtlService      :   AWS.M2.CARDDEMO.TCATBALF.PS -> source=50, loaded=50, errors=0
2026-04-16T15:44:28.296Z  INFO 9883 --- [carddemo-etl-tool] [           main] com.carddemo.etl.service.EtlService      :   AWS.M2.CARDDEMO.DISCGRP.PS -> source=51, loaded=51, errors=0
2026-04-16T15:44:28.297Z  INFO 9883 --- [carddemo-etl-tool] [           main] com.carddemo.etl.service.EtlService      : ----------------------------------------
2026-04-16T15:44:28.297Z  INFO 9883 --- [carddemo-etl-tool] [           main] com.carddemo.etl.service.EtlService      :   Cross-Reference Validation: PASSED
2026-04-16T15:44:28.297Z  INFO 9883 --- [carddemo-etl-tool] [           main] com.carddemo.etl.service.EtlService      : ========================================
2026-04-16T15:44:28.297Z  INFO 9883 --- [carddemo-etl-tool] [           main] com.carddemo.etl.service.EtlService      :   Overall Status: SUCCESS
2026-04-16T15:44:28.297Z  INFO 9883 --- [carddemo-etl-tool] [           main] com.carddemo.etl.service.EtlService      : ========================================
2026-04-16T15:44:28.297Z  INFO 9883 --- [carddemo-etl-tool] [           main] com.carddemo.etl.runner.EtlRunner        : Migration completed successfully.
2026-04-16T15:44:28.952Z  INFO 9883 --- [carddemo-etl-tool] [           main] com.carddemo.etl.service.EtlService      : Starting CardDemo EBCDIC data migration from: /home/ubuntu/repos/mainframe-modernization-carddemo/etl-tool/../app/data/EBCDIC
2026-04-16T15:44:28.953Z  INFO 9883 --- [carddemo-etl-tool] [           main] com.carddemo.etl.service.EtlService      : Truncating all tables for idempotent reload...
2026-04-16T15:44:28.975Z  INFO 9883 --- [carddemo-etl-tool] [           main] com.carddemo.etl.service.EtlService      : All tables truncated.
2026-04-16T15:44:28.977Z  INFO 9883 --- [carddemo-etl-tool] [           main] com.carddemo.etl.service.EtlService      : TranTypes: 7 source records, 7 loaded, 0 errors
2026-04-16T15:44:28.979Z  INFO 9883 --- [carddemo-etl-tool] [           main] com.carddemo.etl.service.EtlService      : TranCategories: 18 source records, 18 loaded, 0 errors
2026-04-16T15:44:28.986Z  INFO 9883 --- [carddemo-etl-tool] [           main] com.carddemo.etl.service.EtlService      : Accounts: 50 source records, 50 loaded, 0 errors
2026-04-16T15:44:28.993Z  INFO 9883 --- [carddemo-etl-tool] [           main] com.carddemo.etl.service.EtlService      : Customers: 50 source records, 50 loaded, 0 errors
2026-04-16T15:44:28.998Z  INFO 9883 --- [carddemo-etl-tool] [           main] com.carddemo.etl.service.EtlService      : Cards: 50 source records, 50 loaded, 0 errors
2026-04-16T15:44:29.003Z  INFO 9883 --- [carddemo-etl-tool] [           main] com.carddemo.etl.service.EtlService      : CardXrefs: 50 source records, 50 loaded, 0 errors
2026-04-16T15:44:29.004Z  INFO 9883 --- [carddemo-etl-tool] [           main] com.carddemo.etl.service.EtlService      : UserSecurity: 10 source records, 10 loaded, 0 errors
2026-04-16T15:44:29.034Z  INFO 9883 --- [carddemo-etl-tool] [           main] com.carddemo.etl.service.EtlService      : DailyTransactions: 300 source records, 300 loaded, 0 errors
2026-04-16T15:44:29.037Z  INFO 9883 --- [carddemo-etl-tool] [           main] com.carddemo.etl.service.EtlService      : TranCatBalances: 50 source records, 50 loaded, 0 errors
2026-04-16T15:44:29.041Z  INFO 9883 --- [carddemo-etl-tool] [           main] com.carddemo.etl.service.EtlService      : DisclosureGroups: 51 source records, 51 loaded, 0 errors
2026-04-16T15:44:29.041Z  INFO 9883 --- [carddemo-etl-tool] [           main] com.carddemo.etl.service.EtlService      : Validating cross-reference integrity...
2026-04-16T15:44:29.046Z  INFO 9883 --- [carddemo-etl-tool] [           main] com.carddemo.etl.service.EtlService      : Cross-reference integrity validation PASSED
2026-04-16T15:44:29.046Z  INFO 9883 --- [carddemo-etl-tool] [           main] com.carddemo.etl.service.EtlService      : ========================================
2026-04-16T15:44:29.046Z  INFO 9883 --- [carddemo-etl-tool] [           main] com.carddemo.etl.service.EtlService      :   CardDemo ETL Migration Report
2026-04-16T15:44:29.046Z  INFO 9883 --- [carddemo-etl-tool] [           main] com.carddemo.etl.service.EtlService      : ========================================
2026-04-16T15:44:29.046Z  INFO 9883 --- [carddemo-etl-tool] [           main] com.carddemo.etl.service.EtlService      :   AWS.M2.CARDDEMO.TRANTYPE.PS -> source=7, loaded=7, errors=0
2026-04-16T15:44:29.047Z  INFO 9883 --- [carddemo-etl-tool] [           main] com.carddemo.etl.service.EtlService      :   AWS.M2.CARDDEMO.TRANCATG.PS -> source=18, loaded=18, errors=0
2026-04-16T15:44:29.047Z  INFO 9883 --- [carddemo-etl-tool] [           main] com.carddemo.etl.service.EtlService      :   AWS.M2.CARDDEMO.ACCTDATA.PS -> source=50, loaded=50, errors=0
2026-04-16T15:44:29.047Z  INFO 9883 --- [carddemo-etl-tool] [           main] com.carddemo.etl.service.EtlService      :   AWS.M2.CARDDEMO.CUSTDATA.PS -> source=50, loaded=50, errors=0
2026-04-16T15:44:29.047Z  INFO 9883 --- [carddemo-etl-tool] [           main] com.carddemo.etl.service.EtlService      :   AWS.M2.CARDDEMO.CARDDATA.PS -> source=50, loaded=50, errors=0
2026-04-16T15:44:29.047Z  INFO 9883 --- [carddemo-etl-tool] [           main] com.carddemo.etl.service.EtlService      :   AWS.M2.CARDDEMO.CARDXREF.PS -> source=50, loaded=50, errors=0
2026-04-16T15:44:29.047Z  INFO 9883 --- [carddemo-etl-tool] [           main] com.carddemo.etl.service.EtlService      :   AWS.M2.CARDDEMO.USRSEC.PS -> source=10, loaded=10, errors=0
2026-04-16T15:44:29.047Z  INFO 9883 --- [carddemo-etl-tool] [           main] com.carddemo.etl.service.EtlService      :   AWS.M2.CARDDEMO.DALYTRAN.PS -> source=300, loaded=300, errors=0
2026-04-16T15:44:29.047Z  INFO 9883 --- [carddemo-etl-tool] [           main] com.carddemo.etl.service.EtlService      :   AWS.M2.CARDDEMO.TCATBALF.PS -> source=50, loaded=50, errors=0
2026-04-16T15:44:29.048Z  INFO 9883 --- [carddemo-etl-tool] [           main] com.carddemo.etl.service.EtlService      :   AWS.M2.CARDDEMO.DISCGRP.PS -> source=51, loaded=51, errors=0
2026-04-16T15:44:29.048Z  INFO 9883 --- [carddemo-etl-tool] [           main] com.carddemo.etl.service.EtlService      : ----------------------------------------
2026-04-16T15:44:29.048Z  INFO 9883 --- [carddemo-etl-tool] [           main] com.carddemo.etl.service.EtlService      :   Cross-Reference Validation: PASSED
2026-04-16T15:44:29.048Z  INFO 9883 --- [carddemo-etl-tool] [           main] com.carddemo.etl.service.EtlService      : ========================================
2026-04-16T15:44:29.048Z  INFO 9883 --- [carddemo-etl-tool] [           main] com.carddemo.etl.service.EtlService      :   Overall Status: SUCCESS
2026-04-16T15:44:29.048Z  INFO 9883 --- [carddemo-etl-tool] [           main] com.carddemo.etl.service.EtlService      : ========================================
=== Migration Record Counts ===
Accounts:           50
Customers:          50
Cards:              50
Card XRefs:         50
User Security:      10
Daily Transactions: 300
Tran Cat Balances:  50
Disclosure Groups:  51
Tran Types:         7
Tran Categories:    18
]]></system-out>
  </testcase>
  <testcase name="idempotentRerun_producesConsistentResults" classname="com.carddemo.etl.EtlIntegrationTest" time="0.119">
    <system-out><![CDATA[2026-04-16T15:44:29.070Z  INFO 9883 --- [carddemo-etl-tool] [           main] com.carddemo.etl.service.EtlService      : Starting CardDemo EBCDIC data migration from: /home/ubuntu/repos/mainframe-modernization-carddemo/etl-tool/../app/data/EBCDIC
2026-04-16T15:44:29.070Z  INFO 9883 --- [carddemo-etl-tool] [           main] com.carddemo.etl.service.EtlService      : Truncating all tables for idempotent reload...
2026-04-16T15:44:29.081Z  INFO 9883 --- [carddemo-etl-tool] [           main] com.carddemo.etl.service.EtlService      : All tables truncated.
2026-04-16T15:44:29.082Z  INFO 9883 --- [carddemo-etl-tool] [           main] com.carddemo.etl.service.EtlService      : TranTypes: 7 source records, 7 loaded, 0 errors
2026-04-16T15:44:29.083Z  INFO 9883 --- [carddemo-etl-tool] [           main] com.carddemo.etl.service.EtlService      : TranCategories: 18 source records, 18 loaded, 0 errors
2026-04-16T15:44:29.086Z  INFO 9883 --- [carddemo-etl-tool] [           main] com.carddemo.etl.service.EtlService      : Accounts: 50 source records, 50 loaded, 0 errors
2026-04-16T15:44:29.090Z  INFO 9883 --- [carddemo-etl-tool] [           main] com.carddemo.etl.service.EtlService      : Customers: 50 source records, 50 loaded, 0 errors
2026-04-16T15:44:29.093Z  INFO 9883 --- [carddemo-etl-tool] [           main] com.carddemo.etl.service.EtlService      : Cards: 50 source records, 50 loaded, 0 errors
2026-04-16T15:44:29.095Z  INFO 9883 --- [carddemo-etl-tool] [           main] com.carddemo.etl.service.EtlService      : CardXrefs: 50 source records, 50 loaded, 0 errors
2026-04-16T15:44:29.096Z  INFO 9883 --- [carddemo-etl-tool] [           main] com.carddemo.etl.service.EtlService      : UserSecurity: 10 source records, 10 loaded, 0 errors
2026-04-16T15:44:29.117Z  INFO 9883 --- [carddemo-etl-tool] [           main] com.carddemo.etl.service.EtlService      : DailyTransactions: 300 source records, 300 loaded, 0 errors
2026-04-16T15:44:29.120Z  INFO 9883 --- [carddemo-etl-tool] [           main] com.carddemo.etl.service.EtlService      : TranCatBalances: 50 source records, 50 loaded, 0 errors
2026-04-16T15:44:29.124Z  INFO 9883 --- [carddemo-etl-tool] [           main] com.carddemo.etl.service.EtlService      : DisclosureGroups: 51 source records, 51 loaded, 0 errors
2026-04-16T15:44:29.124Z  INFO 9883 --- [carddemo-etl-tool] [           main] com.carddemo.etl.service.EtlService      : Validating cross-reference integrity...
2026-04-16T15:44:29.128Z  INFO 9883 --- [carddemo-etl-tool] [           main] com.carddemo.etl.service.EtlService      : Cross-reference integrity validation PASSED
2026-04-16T15:44:29.129Z  INFO 9883 --- [carddemo-etl-tool] [           main] com.carddemo.etl.service.EtlService      : ========================================
2026-04-16T15:44:29.129Z  INFO 9883 --- [carddemo-etl-tool] [           main] com.carddemo.etl.service.EtlService      :   CardDemo ETL Migration Report
2026-04-16T15:44:29.129Z  INFO 9883 --- [carddemo-etl-tool] [           main] com.carddemo.etl.service.EtlService      : ========================================
2026-04-16T15:44:29.129Z  INFO 9883 --- [carddemo-etl-tool] [           main] com.carddemo.etl.service.EtlService      :   AWS.M2.CARDDEMO.TRANTYPE.PS -> source=7, loaded=7, errors=0
2026-04-16T15:44:29.129Z  INFO 9883 --- [carddemo-etl-tool] [           main] com.carddemo.etl.service.EtlService      :   AWS.M2.CARDDEMO.TRANCATG.PS -> source=18, loaded=18, errors=0
2026-04-16T15:44:29.129Z  INFO 9883 --- [carddemo-etl-tool] [           main] com.carddemo.etl.service.EtlService      :   AWS.M2.CARDDEMO.ACCTDATA.PS -> source=50, loaded=50, errors=0
2026-04-16T15:44:29.129Z  INFO 9883 --- [carddemo-etl-tool] [           main] com.carddemo.etl.service.EtlService      :   AWS.M2.CARDDEMO.CUSTDATA.PS -> source=50, loaded=50, errors=0
2026-04-16T15:44:29.129Z  INFO 9883 --- [carddemo-etl-tool] [           main] com.carddemo.etl.service.EtlService      :   AWS.M2.CARDDEMO.CARDDATA.PS -> source=50, loaded=50, errors=0
2026-04-16T15:44:29.129Z  INFO 9883 --- [carddemo-etl-tool] [           main] com.carddemo.etl.service.EtlService      :   AWS.M2.CARDDEMO.CARDXREF.PS -> source=50, loaded=50, errors=0
2026-04-16T15:44:29.129Z  INFO 9883 --- [carddemo-etl-tool] [           main] com.carddemo.etl.service.EtlService      :   AWS.M2.CARDDEMO.USRSEC.PS -> source=10, loaded=10, errors=0
2026-04-16T15:44:29.129Z  INFO 9883 --- [carddemo-etl-tool] [           main] com.carddemo.etl.service.EtlService      :   AWS.M2.CARDDEMO.DALYTRAN.PS -> source=300, loaded=300, errors=0
2026-04-16T15:44:29.129Z  INFO 9883 --- [carddemo-etl-tool] [           main] com.carddemo.etl.service.EtlService      :   AWS.M2.CARDDEMO.TCATBALF.PS -> source=50, loaded=50, errors=0
2026-04-16T15:44:29.130Z  INFO 9883 --- [carddemo-etl-tool] [           main] com.carddemo.etl.service.EtlService      :   AWS.M2.CARDDEMO.DISCGRP.PS -> source=51, loaded=51, errors=0
2026-04-16T15:44:29.130Z  INFO 9883 --- [carddemo-etl-tool] [           main] com.carddemo.etl.service.EtlService      : ----------------------------------------
2026-04-16T15:44:29.130Z  INFO 9883 --- [carddemo-etl-tool] [           main] com.carddemo.etl.service.EtlService      :   Cross-Reference Validation: PASSED
2026-04-16T15:44:29.130Z  INFO 9883 --- [carddemo-etl-tool] [           main] com.carddemo.etl.service.EtlService      : ========================================
2026-04-16T15:44:29.130Z  INFO 9883 --- [carddemo-etl-tool] [           main] com.carddemo.etl.service.EtlService      :   Overall Status: SUCCESS
2026-04-16T15:44:29.130Z  INFO 9883 --- [carddemo-etl-tool] [           main] com.carddemo.etl.service.EtlService      : ========================================
2026-04-16T15:44:29.130Z  INFO 9883 --- [carddemo-etl-tool] [           main] com.carddemo.etl.service.EtlService      : Starting CardDemo EBCDIC data migration from: /home/ubuntu/repos/mainframe-modernization-carddemo/etl-tool/../app/data/EBCDIC
2026-04-16T15:44:29.130Z  INFO 9883 --- [carddemo-etl-tool] [           main] com.carddemo.etl.service.EtlService      : Truncating all tables for idempotent reload...
2026-04-16T15:44:29.141Z  INFO 9883 --- [carddemo-etl-tool] [           main] com.carddemo.etl.service.EtlService      : All tables truncated.
2026-04-16T15:44:29.142Z  INFO 9883 --- [carddemo-etl-tool] [           main] com.carddemo.etl.service.EtlService      : TranTypes: 7 source records, 7 loaded, 0 errors
2026-04-16T15:44:29.143Z  INFO 9883 --- [carddemo-etl-tool] [           main] com.carddemo.etl.service.EtlService      : TranCategories: 18 source records, 18 loaded, 0 errors
2026-04-16T15:44:29.147Z  INFO 9883 --- [carddemo-etl-tool] [           main] com.carddemo.etl.service.EtlService      : Accounts: 50 source records, 50 loaded, 0 errors
2026-04-16T15:44:29.151Z  INFO 9883 --- [carddemo-etl-tool] [           main] com.carddemo.etl.service.EtlService      : Customers: 50 source records, 50 loaded, 0 errors
2026-04-16T15:44:29.154Z  INFO 9883 --- [carddemo-etl-tool] [           main] com.carddemo.etl.service.EtlService      : Cards: 50 source records, 50 loaded, 0 errors
2026-04-16T15:44:29.156Z  INFO 9883 --- [carddemo-etl-tool] [           main] com.carddemo.etl.service.EtlService      : CardXrefs: 50 source records, 50 loaded, 0 errors
2026-04-16T15:44:29.157Z  INFO 9883 --- [carddemo-etl-tool] [           main] com.carddemo.etl.service.EtlService      : UserSecurity: 10 source records, 10 loaded, 0 errors
2026-04-16T15:44:29.175Z  INFO 9883 --- [carddemo-etl-tool] [           main] com.carddemo.etl.service.EtlService      : DailyTransactions: 300 source records, 300 loaded, 0 errors
2026-04-16T15:44:29.178Z  INFO 9883 --- [carddemo-etl-tool] [           main] com.carddemo.etl.service.EtlService      : TranCatBalances: 50 source records, 50 loaded, 0 errors
2026-04-16T15:44:29.180Z  INFO 9883 --- [carddemo-etl-tool] [           main] com.carddemo.etl.service.EtlService      : DisclosureGroups: 51 source records, 51 loaded, 0 errors
2026-04-16T15:44:29.180Z  INFO 9883 --- [carddemo-etl-tool] [           main] com.carddemo.etl.service.EtlService      : Validating cross-reference integrity...
2026-04-16T15:44:29.184Z  INFO 9883 --- [carddemo-etl-tool] [           main] com.carddemo.etl.service.EtlService      : Cross-reference integrity validation PASSED
2026-04-16T15:44:29.184Z  INFO 9883 --- [carddemo-etl-tool] [           main] com.carddemo.etl.service.EtlService      : ========================================
2026-04-16T15:44:29.184Z  INFO 9883 --- [carddemo-etl-tool] [           main] com.carddemo.etl.service.EtlService      :   CardDemo ETL Migration Report
2026-04-16T15:44:29.184Z  INFO 9883 --- [carddemo-etl-tool] [           main] com.carddemo.etl.service.EtlService      : ========================================
2026-04-16T15:44:29.184Z  INFO 9883 --- [carddemo-etl-tool] [           main] com.carddemo.etl.service.EtlService      :   AWS.M2.CARDDEMO.TRANTYPE.PS -> source=7, loaded=7, errors=0
2026-04-16T15:44:29.184Z  INFO 9883 --- [carddemo-etl-tool] [           main] com.carddemo.etl.service.EtlService      :   AWS.M2.CARDDEMO.TRANCATG.PS -> source=18, loaded=18, errors=0
2026-04-16T15:44:29.184Z  INFO 9883 --- [carddemo-etl-tool] [           main] com.carddemo.etl.service.EtlService      :   AWS.M2.CARDDEMO.ACCTDATA.PS -> source=50, loaded=50, errors=0
2026-04-16T15:44:29.184Z  INFO 9883 --- [carddemo-etl-tool] [           main] com.carddemo.etl.service.EtlService      :   AWS.M2.CARDDEMO.CUSTDATA.PS -> source=50, loaded=50, errors=0
2026-04-16T15:44:29.185Z  INFO 9883 --- [carddemo-etl-tool] [           main] com.carddemo.etl.service.EtlService      :   AWS.M2.CARDDEMO.CARDDATA.PS -> source=50, loaded=50, errors=0
2026-04-16T15:44:29.185Z  INFO 9883 --- [carddemo-etl-tool] [           main] com.carddemo.etl.service.EtlService      :   AWS.M2.CARDDEMO.CARDXREF.PS -> source=50, loaded=50, errors=0
2026-04-16T15:44:29.185Z  INFO 9883 --- [carddemo-etl-tool] [           main] com.carddemo.etl.service.EtlService      :   AWS.M2.CARDDEMO.USRSEC.PS -> source=10, loaded=10, errors=0
2026-04-16T15:44:29.185Z  INFO 9883 --- [carddemo-etl-tool] [           main] com.carddemo.etl.service.EtlService      :   AWS.M2.CARDDEMO.DALYTRAN.PS -> source=300, loaded=300, errors=0
2026-04-16T15:44:29.185Z  INFO 9883 --- [carddemo-etl-tool] [           main] com.carddemo.etl.service.EtlService      :   AWS.M2.CARDDEMO.TCATBALF.PS -> source=50, loaded=50, errors=0
2026-04-16T15:44:29.185Z  INFO 9883 --- [carddemo-etl-tool] [           main] com.carddemo.etl.service.EtlService      :   AWS.M2.CARDDEMO.DISCGRP.PS -> source=51, loaded=51, errors=0
2026-04-16T15:44:29.185Z  INFO 9883 --- [carddemo-etl-tool] [           main] com.carddemo.etl.service.EtlService      : ----------------------------------------
2026-04-16T15:44:29.185Z  INFO 9883 --- [carddemo-etl-tool] [           main] com.carddemo.etl.service.EtlService      :   Cross-Reference Validation: PASSED
2026-04-16T15:44:29.185Z  INFO 9883 --- [carddemo-etl-tool] [           main] com.carddemo.etl.service.EtlService      : ========================================
2026-04-16T15:44:29.185Z  INFO 9883 --- [carddemo-etl-tool] [           main] com.carddemo.etl.service.EtlService      :   Overall Status: SUCCESS
2026-04-16T15:44:29.185Z  INFO 9883 --- [carddemo-etl-tool] [           main] com.carddemo.etl.service.EtlService      : ========================================
]]></system-out>
  </testcase>
</testsuite>