<?xml version="1.0" encoding="UTF-8"?>
<testsuite xmlns:xsi="http://www.w3.org/2001/XMLSchema-instance" xsi:noNamespaceSchemaLocation="https://maven.apache.org/surefire/maven-surefire-plugin/xsd/surefire-test-report.xsd" version="3.0.2" name="com.carddemo.account.repository.CardXrefRepositoryTest" time="0.365" tests="3" errors="0" skipped="0" failures="0">
  <properties>
[...]
</properties>
  <testcase name="findByAccountId_singleCard" classname="com.carddemo.account.repository.CardXrefRepositoryTest" time="0.008">
    <system-out><![CDATA[2026-04-17T16:27:54.181Z  INFO 82862 --- [           main] t.c.s.AnnotationConfigContextLoaderUtils : Could not detect default configuration classes for test class [com.carddemo.account.repository.CardXrefRepositoryTest]: CardXrefRepositoryTest does not declare any static, non-private, non-final, nested classes annotated with @Configuration.
2026-04-17T16:27:54.198Z  INFO 82862 --- [           main] .b.t.c.SpringBootTestContextBootstrapper : Found @SpringBootConfiguration com.carddemo.CardDemoApplication for test class com.carddemo.account.repository.CardXrefRepositoryTest

  .   ____          _            __ _ _
 /\\ / ___'_ __ _ _(_)_ __  __ _ \ \ \ \
( ( )\___ | '_ | '_| | '_ \/ _` | \ \ \ \
 \\/  ___)| |_)| | | | | || (_| |  ) ) ) )
  '  |____| .__|_| |_|_| |_\__, | / / / /
 =========|_|==============|___/=/_/_/_/

 :: Spring Boot ::                (v3.4.1)

2026-04-17T16:27:54.219Z  INFO 82862 --- [           main] c.c.a.repository.CardXrefRepositoryTest  : Starting CardXrefRepositoryTest using Java 21.0.3 with PID 82862 (started by ubuntu in /home/ubuntu/repos/mainframe-modernization-carddemo/modern)
2026-04-17T16:27:54.220Z  INFO 82862 --- [           main] c.c.a.repository.CardXrefRepositoryTest  : No active profile set, falling back to 1 default profile: "default"
2026-04-17T16:27:54.276Z  INFO 82862 --- [           main] .s.d.r.c.RepositoryConfigurationDelegate : Bootstrapping Spring Data JPA repositories in DEFAULT mode.
2026-04-17T16:27:54.285Z  INFO 82862 --- [           main] .s.d.r.c.RepositoryConfigurationDelegate : Finished Spring Data repository scanning in 8 ms. Found 3 JPA repository interfaces.
2026-04-17T16:27:54.297Z  INFO 82862 --- [           main] beddedDataSourceBeanFactoryPostProcessor : Replacing 'dataSource' DataSource bean with embedded version
2026-04-17T16:27:54.322Z  INFO 82862 --- [           main] o.s.j.d.e.EmbeddedDatabaseFactory        : Starting embedded database: url='jdbc:h2:mem:863c605a-f640-4c02-9a03-702c2e5a8f64;DB_CLOSE_DELAY=-1;DB_CLOSE_ON_EXIT=false', username='sa'
2026-04-17T16:27:54.335Z  INFO 82862 --- [           main] org.flywaydb.core.FlywayExecutor         : Database: jdbc:h2:mem:863c605a-f640-4c02-9a03-702c2e5a8f64 (H2 2.3)
2026-04-17T16:27:54.336Z  WARN 82862 --- [           main] o.f.c.internal.database.base.Database    : Flyway upgrade recommended: H2 2.3.232 is newer than this version of Flyway and support has not been tested. The latest supported version of H2 is 2.2.224.
2026-04-17T16:27:54.338Z  INFO 82862 --- [           main] o.f.c.i.s.JdbcTableSchemaHistory         : Schema history table "PUBLIC"."flyway_schema_history" does not exist yet
2026-04-17T16:27:54.339Z  INFO 82862 --- [           main] o.f.core.internal.command.DbValidate     : Successfully validated 3 migrations (execution time 00:00.001s)
2026-04-17T16:27:54.340Z  INFO 82862 --- [           main] o.f.c.i.s.JdbcTableSchemaHistory         : Creating Schema History table "PUBLIC"."flyway_schema_history" ...
2026-04-17T16:27:54.344Z  INFO 82862 --- [           main] o.f.core.internal.command.DbMigrate      : Current version of schema "PUBLIC": << Empty Schema >>
2026-04-17T16:27:54.346Z  INFO 82862 --- [           main] o.f.core.internal.command.DbMigrate      : Migrating schema "PUBLIC" to version "3 - create account table"
2026-04-17T16:27:54.354Z  INFO 82862 --- [           main] o.f.core.internal.command.DbMigrate      : Migrating schema "PUBLIC" to version "4 - create customer table"
2026-04-17T16:27:54.359Z  INFO 82862 --- [           main] o.f.core.internal.command.DbMigrate      : Migrating schema "PUBLIC" to version "5 - create card xref table"
2026-04-17T16:27:54.363Z  INFO 82862 --- [           main] o.f.core.internal.command.DbMigrate      : Successfully applied 3 migrations to schema "PUBLIC", now at version v5 (execution time 00:00.004s)
2026-04-17T16:27:54.373Z  INFO 82862 --- [           main] o.hibernate.jpa.internal.util.LogHelper  : HHH000204: Processing PersistenceUnitInfo [name: default]
2026-04-17T16:27:54.374Z  INFO 82862 --- [           main] o.h.c.internal.RegionFactoryInitiator    : HHH000026: Second-level cache disabled
2026-04-17T16:27:54.382Z  INFO 82862 --- [           main] o.s.o.j.p.SpringPersistenceUnitInfo      : No LoadTimeWeaver setup: ignoring JPA class transformer
2026-04-17T16:27:54.384Z  INFO 82862 --- [           main] org.hibernate.orm.connections.pooling    : HHH10001005: Database info:
	Database JDBC URL [Connecting through datasource 'org.springframework.jdbc.datasource.embedded.EmbeddedDatabaseFactory$EmbeddedDataSourceProxy@7cc9970a']
	Database driver: undefined/unknown
	Database version: 2.3.232
	Autocommit mode: undefined/unknown
	Isolation level: undefined/unknown
	Minimum pool size: undefined/unknown
	Maximum pool size: undefined/unknown
2026-04-17T16:27:54.451Z  INFO 82862 --- [           main] o.h.e.t.j.p.i.JtaPlatformInitiator       : HHH000489: No JTA platform available (set 'hibernate.transaction.jta.platform' to enable JTA platform integration)
2026-04-17T16:27:54.453Z  INFO 82862 --- [           main] j.LocalContainerEntityManagerFactoryBean : Initialized JPA EntityManagerFactory for persistence unit 'default'
2026-04-17T16:27:54.519Z  INFO 82862 --- [           main] c.c.a.repository.CardXrefRepositoryTest  : Started CardXrefRepositoryTest in 0.318 seconds (process running for 6.833)
Hibernate: select cxe1_0.card_num,cxe1_0.acct_id,cxe1_0.cust_id from card_xref cxe1_0 where cxe1_0.acct_id=?
]]></system-out>
  </testcase>
  <testcase name="findByAccountId_noCards_returnsEmptyList" classname="com.carddemo.account.repository.CardXrefRepositoryTest" time="0.005">
    <system-out><![CDATA[Hibernate: select cxe1_0.card_num,cxe1_0.acct_id,cxe1_0.cust_id from card_xref cxe1_0 where cxe1_0.acct_id=?
]]></system-out>
  </testcase>
  <testcase name="findByAccountId_returnsLinkedCards" classname="com.carddemo.account.repository.CardXrefRepositoryTest" time="0.008">
    <system-out><![CDATA[Hibernate: select cxe1_0.card_num,cxe1_0.acct_id,cxe1_0.cust_id from card_xref cxe1_0 where cxe1_0.acct_id=?
]]></system-out>
  </testcase>
</testsuite>